Start testing: Apr 13 03:01 -03
----------------------------------------------------------
1/2 Testing: test_input_map
1/2 Test: test_input_map
Command: "/Users/epedro/eCodes/zedia/sistemas-2/build/test_input_map"
Directory: /Users/epedro/eCodes/zedia/sistemas-2/build
"test_input_map" start time: Apr 13 03:01 -03
Output:
----------------------------------------------------------
<end of output>
Test time =   0.00 sec
----------------------------------------------------------
Test Passed.
"test_input_map" end time: Apr 13 03:01 -03
"test_input_map" time elapsed: 00:00:00
----------------------------------------------------------

2/2 Testing: test_lua_bindings
2/2 Test: test_lua_bindings
Command: "/Users/epedro/eCodes/zedia/sistemas-2/build/test_lua_bindings"
Directory: /Users/epedro/eCodes/zedia/sistemas-2/build
"test_lua_bindings" start time: Apr 13 03:01 -03
Output:
----------------------------------------------------------
<end of output>
Test time =   0.29 sec
----------------------------------------------------------
Test Passed.
"test_lua_bindings" end time: Apr 13 03:01 -03
"test_lua_bindings" time elapsed: 00:00:00
----------------------------------------------------------

End testing: Apr 13 03:01 -03
